{
  "Cucumber Features": {
    "coverage": {
      "/myapp/app/models/item_troca.rb": {
        "lines": [
          1,
          1,
          null,
          1,
          1,
          1,
          null
        ]
      },
      "/myapp/app/controllers/item_trocas_controller.rb": {
        "lines": [
          1,
          1,
          null,
          null,
          1,
          3,
          null,
          null,
          null,
          1,
          12,
          6,
          null,
          12,
          null,
          null,
          1,
          3,
          1,
          null,
          2,
          2,
          null,
          null,
          null,
          null,
          1,
          11,
          null,
          null,
          null,
          1,
          null,
          null,
          null,
          1,
          11,
          null,
          11,
          11,
          16,
          8,
          null,
          6,
          3,
          null,
          null,
          null,
          null,
          null,
          1,
          4,
          4,
          2,
          1,
          null,
          6,
          3,
          null,
          null,
          null,
          null,
          null,
          1,
          1,
          null,
          1,
          2,
          1,
          null,
          null,
          null,
          1,
          null,
          1,
          21,
          null,
          null,
          null,
          1,
          15,
          null,
          null
        ]
      },
      "/Users/guilhermesena/code/Cabs/Cabs/app/helpers/favorites_helper.rb": {
        "lines": [
          1,
          null
        ]
      },
      "/myapp/app/helpers/item_trocas_helper.rb": {
        "lines": [
          1,
          null
        ]
      },
      "/myapp/app/helpers/logins_helper.rb": {
        "lines": [
          1,
          null
        ]
      },
      "/myapp/app/helpers/usuarios_helper.rb": {
        "lines": [
          1,
          null
        ]
      },
      "/Users/guilhermesena/code/Cabs/Cabs/app/models/item_troca.rb": {
        "lines": [
          1,
          1,
          null,
          1,
          1,
          1,
          null,
          1,
          null
        ]
      },
      "/Users/guilhermesena/code/Cabs/Cabs/app/models/favorite.rb": {
        "lines": [
          1,
          1,
          1,
          null
        ]
      },
      "/Users/guilhermesena/code/Cabs/Cabs/app/models/usuario.rb": {
        "lines": [
          null,
          null,
          null,
          null,
          null,
          null,
          1,
          1,
          null,
          1,
          1,
          null,
          1,
          null,
          1,
          null
        ]
      },
      "/Users/guilhermesena/code/Cabs/Cabs/app/controllers/usuarios_controller.rb": {
        "lines": [
          1,
          1,
          10,
          null,
          null,
          1,
          10,
          null,
          10,
          6,
          6,
          null,
          4,
          4,
          4,
          null,
          null,
          null,
          null,
          null,
          null,
          null,
          1,
          5,
          null,
          null,
          1,
          5,
          null,
          5,
          1,
          null,
          4,
          4,
          null,
          null,
          null,
          1,
          1,
          1,
          null,
          1,
          null,
          null,
          1,
          1,
          15,
          null,
          null
        ]
      },
      "/Users/guilhermesena/code/Cabs/Cabs/app/controllers/logins_controller.rb": {
        "lines": [
          1,
          1,
          12,
          null,
          null,
          1,
          10,
          null,
          10,
          8,
          8,
          6,
          6,
          null,
          2,
          2,
          2,
          null,
          null,
          2,
          2,
          null,
          null,
          null,
          1,
          1,
          1,
          null,
          null,
          1,
          1,
          25,
          null,
          null
        ]
      },
      "/myapp/app/models/login.rb": {
        "lines": [
          null,
          null,
          null,
          null,
          1,
          1,
          null,
          1,
          1,
          null
        ]
      },
      "/Users/guilhermesena/code/Cabs/Cabs/app/controllers/favorites_controller.rb": {
        "lines": [
          null,
          null,
          1,
          1,
          3,
          3,
          null,
          3,
          3,
          3,
          null,
          2,
          2,
          null,
          null,
          1,
          1,
          null,
          3,
          6,
          3,
          null,
          null,
          null
        ]
      }
    },
    "timestamp": 1670444760
  },
  "RSpec": {
    "coverage": {
      "/Users/guilhermesena/code/Cabs/Cabs/app/helpers/favorites_helper.rb": {
        "lines": [
          1,
          null
        ]
      },
      "/Users/guilhermesena/code/Cabs/Cabs/app/helpers/item_trocas_helper.rb": {
        "lines": [
          1,
          null
        ]
      },
      "/Users/guilhermesena/code/Cabs/Cabs/app/helpers/logins_helper.rb": {
        "lines": [
          1,
          null
        ]
      },
      "/Users/guilhermesena/code/Cabs/Cabs/app/helpers/usuarios_helper.rb": {
        "lines": [
          1,
          null
        ]
      },
      "/Users/guilhermesena/code/Cabs/Cabs/app/models/favorite.rb": {
        "lines": [
          1,
          1,
          1,
          null
        ]
      },
      "/Users/guilhermesena/code/Cabs/Cabs/app/models/item_troca.rb": {
        "lines": [
          1,
          1,
          null,
          1,
          1,
          1,
          null,
          1,
          null
        ]
      },
      "/Users/guilhermesena/code/Cabs/Cabs/app/models/login.rb": {
        "lines": [
          null,
          null,
          null,
          null,
          1,
          1,
          null,
          1,
          1,
          null
        ]
      },
      "/Users/guilhermesena/code/Cabs/Cabs/app/models/usuario.rb": {
        "lines": [
          null,
          null,
          null,
          null,
          null,
          null,
          1,
          1,
          null,
          1,
          1,
          null,
          1,
          null,
          1,
          null
        ]
      },
      "/Users/guilhermesena/code/Cabs/Cabs/app/controllers/item_trocas_controller.rb": {
        "lines": [
          1,
          1,
          null,
          null,
          1,
          0,
          null,
          null,
          null,
          1,
          0,
          0,
          null,
          0,
          null,
          null,
          1,
          0,
          0,
          null,
          0,
          0,
          null,
          null,
          null,
          null,
          1,
          1,
          null,
          null,
          null,
          1,
          null,
          null,
          null,
          1,
          0,
          null,
          0,
          0,
          0,
          0,
          null,
          0,
          0,
          null,
          null,
          null,
          null,
          null,
          1,
          0,
          0,
          0,
          0,
          null,
          0,
          0,
          null,
          null,
          null,
          null,
          null,
          1,
          0,
          null,
          0,
          0,
          0,
          null,
          null,
          null,
          1,
          null,
          1,
          0,
          null,
          null,
          null,
          1,
          0,
          null,
          null
        ]
      },
      "/Users/guilhermesena/code/Cabs/Cabs/app/controllers/favorites_controller.rb": {
        "lines": [
          null,
          null,
          0,
          0,
          0,
          0,
          0,
          0,
          0,
          0,
          null,
          0,
          0,
          0,
          null,
          0,
          0,
          0,
          0,
          0,
          0,
          0,
          0,
          0
        ],
        "branches": {
        }
      },
      "/Users/guilhermesena/code/Cabs/Cabs/app/controllers/logins_controller.rb": {
        "lines": [
          0,
          0,
          0,
          0,
          null,
          0,
          0,
          null,
          0,
          0,
          0,
          0,
          0,
          0,
          0,
          0,
          0,
          0,
          0,
          0,
          0,
          0,
          0,
          null,
          0,
          0,
          0,
          0,
          null,
          0,
          0,
          0,
          0,
          0
        ],
        "branches": {
        }
      },
      "/Users/guilhermesena/code/Cabs/Cabs/app/controllers/usuarios_controller.rb": {
        "lines": [
          0,
          0,
          0,
          0,
          null,
          0,
          0,
          null,
          0,
          0,
          0,
          0,
          0,
          0,
          0,
          0,
          0,
          null,
          null,
          null,
          null,
          null,
          0,
          0,
          0,
          null,
          0,
          0,
          null,
          0,
          0,
          0,
          0,
          0,
          0,
          0,
          null,
          0,
          0,
          0,
          null,
          0,
          0,
          null,
          0,
          0,
          0,
          0,
          0
        ],
        "branches": {
        }
      }
    },
    "timestamp": 1670395365
  }
}
