SF:./app/controllers/logins_controller.rb
DA:1,1
DA:2,1
DA:5,1
DA:6,3
DA:7,3
DA:9,3
DA:10,0
DA:11,0
DA:13,3
DA:14,3
DA:15,3
DA:19,1
DA:20,0
DA:21,0
end_of_record
SF:./app/controllers/usuarios_controller.rb
DA:1,1
DA:2,1
DA:3,10
DA:6,1
DA:7,10
DA:9,10
DA:10,6
DA:11,6
DA:13,4
DA:14,4
DA:15,4
DA:19,1
DA:20,0
DA:23,1
DA:24,5
DA:27,1
DA:28,0
DA:30,0
DA:31,0
DA:33,0
DA:34,0
DA:38,1
DA:39,1
DA:40,10
end_of_record
SF:./app/helpers/logins_helper.rb
DA:1,1
end_of_record
SF:./app/helpers/usuarios_helper.rb
DA:1,1
end_of_record
SF:./app/models/login.rb
DA:1,0
DA:2,0
DA:3,0
DA:4,0
end_of_record
SF:./app/models/usuario.rb
DA:6,1
DA:7,1
DA:9,1
DA:10,1
DA:12,1
end_of_record
