SF:./app/controllers/item_trocas_controller.rb
DA:1,2
DA:2,2
DA:5,2
DA:6,1
DA:10,2
DA:13,2
DA:14,3
DA:15,1
DA:17,2
DA:22,2
DA:23,10
DA:27,2
DA:31,2
DA:32,9
DA:34,9
DA:35,9
DA:36,12
DA:37,6
DA:39,6
DA:40,3
DA:46,2
DA:47,4
DA:48,4
DA:49,2
DA:50,1
DA:52,6
DA:53,3
DA:59,2
DA:60,1
DA:62,1
DA:63,2
DA:64,1
DA:68,2
DA:70,2
DA:71,16
DA:75,2
DA:76,13
end_of_record
SF:./app/controllers/logins_controller.rb
DA:1,1
DA:2,1
DA:3,7
DA:6,1
DA:7,6
DA:9,6
DA:10,4
DA:11,4
DA:12,2
DA:13,2
DA:15,2
DA:16,2
DA:17,2
DA:20,2
DA:21,2
DA:25,1
DA:26,1
DA:27,1
DA:30,1
DA:31,1
DA:32,13
end_of_record
SF:./app/controllers/usuarios_controller.rb
DA:1,1
DA:2,1
DA:3,10
DA:6,1
DA:7,10
DA:9,10
DA:10,6
DA:11,6
DA:13,4
DA:14,4
DA:15,4
DA:23,1
DA:24,5
DA:27,1
DA:28,5
DA:30,5
DA:31,1
DA:33,4
DA:34,4
DA:38,1
DA:39,1
DA:40,15
end_of_record
SF:./app/helpers/item_trocas_helper.rb
DA:1,2
end_of_record
SF:./app/helpers/logins_helper.rb
DA:1,2
end_of_record
SF:./app/helpers/usuarios_helper.rb
DA:1,2
end_of_record
SF:./app/models/item_troca.rb
DA:1,2
DA:2,2
DA:4,2
DA:5,2
DA:6,2
end_of_record
SF:./app/models/login.rb
DA:5,2
DA:6,2
DA:8,2
DA:9,2
end_of_record
SF:./app/models/usuario.rb
DA:7,2
DA:8,2
DA:10,2
DA:11,2
DA:13,2
end_of_record
